<?xml version="1.0" encoding="UTF-8"?>
<!-- Generated by org.testng.reporters.JUnitReportReporter -->
<testsuite skipped="0" hostname="DESKTOP-TV7DPT6" name="tests.ProductPurchase_TC" tests="1" failures="0" timestamp="2020-10-26T12:14:15 IST" time="0.509" errors="0">
  <testcase name="purchaseProduct" time="0.509" classname="tests.ProductPurchase_TC"/>
  <system-out/>
</testsuite> <!-- tests.ProductPurchase_TC -->
