<?xml version="1.0" encoding="UTF-8"?>
<!-- Generated by org.testng.reporters.JUnitReportReporter -->
<testsuite skipped="0" hostname="DESKTOP-TV7DPT6" name="tests.landingPage_TC" tests="1" failures="0" timestamp="2020-10-26T10:57:46 IST" time="2.770" errors="0">
  <testcase name="TestComputer" time="2.770" classname="tests.landingPage_TC"/>
  <system-out/>
</testsuite> <!-- tests.landingPage_TC -->
