<?xml version="1.0" encoding="UTF-8"?>
<!-- Generated by org.testng.reporters.JUnitReportReporter -->
<testsuite skipped="0" hostname="DESKTOP-TV7DPT6" name="tests.SwitchingWindows" tests="1" failures="0" timestamp="2021-03-08T16:28:40 IST" time="29.291" errors="0">
  <testcase name="multipleWindows" time="29.291" classname="tests.SwitchingWindows"/>
  <system-out/>
</testsuite> <!-- tests.SwitchingWindows -->
