<?xml version="1.0" encoding="UTF-8"?>
<!-- Generated by org.testng.reporters.JUnitReportReporter -->
<testsuite skipped="0" hostname="DESKTOP-TV7DPT6" name="tests.Practice" tests="2" failures="0" timestamp="2021-03-11T17:29:09 IST" time="104.106" errors="0">
  <testcase name="Test2" time="104.085" classname="tests.Practice"/>
  <system-out/>
  <testcase name="test1" time="0.021" classname="tests.Practice"/>
  <system-out/>
</testsuite> <!-- tests.Practice -->
