<?xml version="1.0" encoding="UTF-8"?>
<!-- Generated by org.testng.reporters.JUnitReportReporter -->
<testsuite skipped="0" hostname="DESKTOP-TV7DPT6" name="tests.GroupMultiple1" tests="2" failures="0" timestamp="2021-02-22T12:25:02 IST" time="0.026" errors="0">
  <testcase name="tCase6" time="0.013" classname="tests.GroupMultiple1"/>
  <system-out/>
  <testcase name="tCase8" time="0.013" classname="tests.GroupMultiple1"/>
  <system-out/>
</testsuite> <!-- tests.GroupMultiple1 -->
